2018-03-23 23:55:29:804 [info] 服务启动  
2018-03-23 23:55:29:809 [info] ./ffmpeg.exe -re -i  http://live.hkstv.hk.lxdns.com/live/hks/playlist.m3u8 -c\:v copy -c\:a copy -q:v 2  -s 720x576 -hls_wrap 10 -f hls ./live/test0.m3u8
2018-03-23 23:55:30:090 [info] ./ffmpeg.exe -re -i  http://live.hkstv.hk.lxdns.com/live/hks/playlist.m3u8 -c\:v copy -c\:a copy -q:v 2  -s 720x576 -hls_wrap 10 -f hls ./live/test1.m3u8
2018-03-23 23:55:30:241 [info] ./ffmpeg.exe -re -i  http://live.hkstv.hk.lxdns.com/live/hks/playlist.m3u8 -c\:v copy -c\:a copy -q:v 2  -s 720x576 -hls_wrap 10 -f hls ./live/test1.m3u8
2018-03-23 23:55:30:256 [info] ./ffmpeg.exe -re -i  http://live.hkstv.hk.lxdns.com/live/hks/playlist.m3u8 -c\:v copy -c\:a copy -q:v 2  -s 720x576 -hls_wrap 10 -f hls ./live/test0.m3u8
2018-03-23 23:55:30:321 [info] ./ffmpeg.exe -re -i  http://live.hkstv.hk.lxdns.com/live/hks/playlist.m3u8 -c\:v copy -c\:a copy -q:v 2  -s 720x576 -hls_wrap 10 -f hls ./live/test1.m3u8
2018-03-23 23:55:30:336 [info] ./ffmpeg.exe -re -i  http://live.hkstv.hk.lxdns.com/live/hks/playlist.m3u8 -c\:v copy -c\:a copy -q:v 2  -s 720x576 -hls_wrap 10 -f hls ./live/test0.m3u8
2018-03-23 23:55:30:423 [info] ./ffmpeg.exe -re -i  http://live.hkstv.hk.lxdns.com/live/hks/playlist.m3u8 -c\:v copy -c\:a copy -q:v 2  -s 720x576 -hls_wrap 10 -f hls ./live/test1.m3u8
2018-03-23 23:55:30:439 [info] ./ffmpeg.exe -re -i  http://live.hkstv.hk.lxdns.com/live/hks/playlist.m3u8 -c\:v copy -c\:a copy -q:v 2  -s 720x576 -hls_wrap 10 -f hls ./live/test0.m3u8
2018-03-23 23:55:30:502 [info] ./ffmpeg.exe -re -i  http://live.hkstv.hk.lxdns.com/live/hks/playlist.m3u8 -c\:v copy -c\:a copy -q:v 2  -s 720x576 -hls_wrap 10 -f hls ./live/test1.m3u8
2018-03-23 23:55:30:521 [info] ./ffmpeg.exe -re -i  http://live.hkstv.hk.lxdns.com/live/hks/playlist.m3u8 -c\:v copy -c\:a copy -q:v 2  -s 720x576 -hls_wrap 10 -f hls ./live/test0.m3u8
2018-03-23 23:55:30:578 [info] ./ffmpeg.exe -re -i  http://live.hkstv.hk.lxdns.com/live/hks/playlist.m3u8 -c\:v copy -c\:a copy -q:v 2  -s 720x576 -hls_wrap 10 -f hls ./live/test1.m3u8
2018-03-23 23:55:30:600 [info] ./ffmpeg.exe -re -i  http://live.hkstv.hk.lxdns.com/live/hks/playlist.m3u8 -c\:v copy -c\:a copy -q:v 2  -s 720x576 -hls_wrap 10 -f hls ./live/test0.m3u8
2018-03-23 23:55:30:668 [info] 直播已退出
2018-03-23 23:55:30:679 [info] 直播已退出
2018-03-23 23:55:31:415 [info] index.......
2018-03-23 23:55:50:122 [info] 连接出错...
2018-03-23 23:55:50:123 [info] 连接超时...
2018-03-23 23:56:10:803 [info] 连接出错...
2018-03-23 23:56:10:804 [info] 连接超时...
2018-03-23 23:56:33:323 [info] 连接出错...
2018-03-23 23:56:33:324 [info] 连接超时...
2018-03-23 23:56:57:948 [info] 连接出错...
2018-03-23 23:56:57:948 [info] 连接超时...
