2018-03-23 23:57:26:573 [info] 服务启动  
2018-03-23 23:57:26:576 [info] ffmpeg.exe -re -i  http://live.hkstv.hk.lxdns.com/live/hks/playlist.m3u8 -c\:v copy -c\:a copy -q:v 2  -s 720x576 -hls_wrap 10 -f hls ./live/test0.m3u8
2018-03-23 23:57:26:594 [info] ffmpeg.exe -re -i  http://live.hkstv.hk.lxdns.com/live/hks/playlist.m3u8 -c\:v copy -c\:a copy -q:v 2  -s 720x576 -hls_wrap 10 -f hls ./live/test1.m3u8
2018-03-23 23:57:28:079 [info] index.......
2018-03-23 23:57:28:883 [info] ffmpeg.exe -re -i  http://live.hkstv.hk.lxdns.com/live/hks/playlist.m3u8 -c\:v copy -c\:a copy -q:v 2  -s 720x576 -hls_wrap 10 -f hls ./live/test1.m3u8
2018-03-23 23:57:28:894 [info] ffmpeg.exe -re -i  http://live.hkstv.hk.lxdns.com/live/hks/playlist.m3u8 -c\:v copy -c\:a copy -q:v 2  -s 720x576 -hls_wrap 10 -f hls ./live/test0.m3u8
2018-03-23 23:57:30:425 [info] ffmpeg.exe -re -i  http://live.hkstv.hk.lxdns.com/live/hks/playlist.m3u8 -c\:v copy -c\:a copy -q:v 2  -s 720x576 -hls_wrap 10 -f hls ./live/test1.m3u8
2018-03-23 23:57:30:441 [info] ffmpeg.exe -re -i  http://live.hkstv.hk.lxdns.com/live/hks/playlist.m3u8 -c\:v copy -c\:a copy -q:v 2  -s 720x576 -hls_wrap 10 -f hls ./live/test0.m3u8
2018-03-23 23:57:32:007 [info] ffmpeg.exe -re -i  http://live.hkstv.hk.lxdns.com/live/hks/playlist.m3u8 -c\:v copy -c\:a copy -q:v 2  -s 720x576 -hls_wrap 10 -f hls ./live/test1.m3u8
2018-03-23 23:57:33:919 [info] ffmpeg.exe -re -i  http://live.hkstv.hk.lxdns.com/live/hks/playlist.m3u8 -c\:v copy -c\:a copy -q:v 2  -s 720x576 -hls_wrap 10 -f hls ./live/test1.m3u8
2018-03-23 23:57:35:002 [info] ffmpeg.exe -re -i  http://live.hkstv.hk.lxdns.com/live/hks/playlist.m3u8 -c\:v copy -c\:a copy -q:v 2  -s 720x576 -hls_wrap 10 -f hls ./live/test0.m3u8
2018-03-23 23:57:35:560 [info] ffmpeg.exe -re -i  http://live.hkstv.hk.lxdns.com/live/hks/playlist.m3u8 -c\:v copy -c\:a copy -q:v 2  -s 720x576 -hls_wrap 10 -f hls ./live/test1.m3u8
2018-03-23 23:57:35:574 [info] ffmpeg.exe -re -i  http://live.hkstv.hk.lxdns.com/live/hks/playlist.m3u8 -c\:v copy -c\:a copy -q:v 2  -s 720x576 -hls_wrap 10 -f hls ./live/test0.m3u8
2018-03-23 23:57:37:108 [info] ffmpeg.exe -re -i  http://live.hkstv.hk.lxdns.com/live/hks/playlist.m3u8 -c\:v copy -c\:a copy -q:v 2  -s 720x576 -hls_wrap 10 -f hls ./live/test0.m3u8
2018-03-23 23:57:37:124 [info] 直播已退出
2018-03-23 23:57:38:788 [info] 直播已退出
2018-03-23 23:57:46:626 [info] 连接出错...
2018-03-23 23:57:46:628 [info] 连接超时...
2018-03-23 23:58:07:629 [info] 连接出错...
2018-03-23 23:58:07:630 [info] 连接超时...
2018-03-23 23:58:30:182 [info] 连接出错...
2018-03-23 23:58:30:183 [info] 连接超时...
2018-03-23 23:58:53:756 [info] 连接出错...
2018-03-23 23:58:53:756 [info] 连接超时...
